# JRE version: OpenJDK Runtime Environment (21.0.1+12) (build 21.0.1+12-29)
# Java VM: OpenJDK 64-Bit Server VM (21.0.1+12-29, mixed mode, sharing, tiered, compressed oops, compressed class ptrs, g1 gc, windows-amd64)
GC Precious Log:
 CardTable entry size: 512
 Card Set container configuration: InlinePtr #cards 4 size 8 Array Of Cards #cards 16 size 48 Howl #buckets 8 coarsen threshold 3686 Howl Bitmap #cards 512 size 80 coarsen threshold 460 Card regions per heap region 1 cards per card region 4096
 CPUs: 12 total, 12 available
 Memory: 16159M
 Large Page Support: Disabled
 NUMA Support: Disabled
 Compressed Oops: Enabled (Zero based)
 Heap Region Size: 2M
 Heap Min Capacity: 8M
 Heap Initial Capacity: 254M
 Heap Max Capacity: 4040M
 Pre-touch: Disabled
 Parallel Workers: 10
 Concurrent Workers: 3
 Concurrent Refinement Workers: 10
 Periodic GC: Disabled
Heap:
 garbage-first heap   total 925696K, used 460824K [0x0000000703800000, 0x0000000800000000)
  region size 2048K, 1 young (2048K), 1 survivors (2048K)
 Metaspace       used 1519K, committed 1664K, reserved 1114112K
  class space    used 124K, committed 192K, reserved 1048576K
GC Heap History (12 events):
Event: 44.749 GC heap before
{Heap before GC invocations=0 (full 0):
 garbage-first heap   total 260096K, used 120832K [0x0000000703800000, 0x0000000800000000)
  region size 2048K, 5 young (10240K), 0 survivors (0K)
 Metaspace       used 1518K, committed 1664K, reserved 1114112K
  class space    used 124K, committed 192K, reserved 1048576K
}
Event: 44.888 GC heap after
{Heap after GC invocations=1 (full 0):
 garbage-first heap   total 260096K, used 117002K [0x0000000703800000, 0x0000000800000000)
  region size 2048K, 2 young (4096K), 2 survivors (4096K)
 Metaspace       used 1518K, committed 1664K, reserved 1114112K
  class space    used 124K, committed 192K, reserved 1048576K
}
Event: 45.145 GC heap before
{Heap before GC invocations=1 (full 0):
 garbage-first heap   total 260096K, used 172298K [0x0000000703800000, 0x0000000800000000)
  region size 2048K, 3 young (6144K), 2 survivors (4096K)
 Metaspace       used 1519K, committed 1664K, reserved 1114112K
  class space    used 124K, committed 192K, reserved 1048576K
}
Event: 45.335 GC heap after
{Heap after GC invocations=2 (full 0):
 garbage-first heap   total 260096K, used 172178K [0x0000000703800000, 0x0000000800000000)
  region size 2048K, 1 young (2048K), 1 survivors (2048K)
 Metaspace       used 1519K, committed 1664K, reserved 1114112K
  class space    used 124K, committed 192K, reserved 1048576K
}
Event: 45.566 GC heap before
{Heap before GC invocations=3 (full 0):
 garbage-first heap   total 260096K, used 139410K [0x0000000703800000, 0x0000000800000000)
  region size 2048K, 1 young (2048K), 1 survivors (2048K)
 Metaspace       used 1519K, committed 1664K, reserved 1114112K
  class space    used 124K, committed 192K, reserved 1048576K
}
Event: 45.591 GC heap after
{Heap after GC invocations=4 (full 0):
 garbage-first heap   total 260096K, used 139329K [0x0000000703800000, 0x0000000800000000)
  region size 2048K, 1 young (2048K), 1 survivors (2048K)
 Metaspace       used 1519K, committed 1664K, reserved 1114112K
  class space    used 124K, committed 192K, reserved 1048576K
}
Event: 45.896 GC heap before
{Heap before GC invocations=5 (full 0):
 garbage-first heap   total 382976K, used 206913K [0x0000000703800000, 0x0000000800000000)
  region size 2048K, 1 young (2048K), 1 survivors (2048K)
 Metaspace       used 1519K, committed 1664K, reserved 1114112K
  class space    used 124K, committed 192K, reserved 1048576K
}
Event: 45.949 GC heap after
{Heap after GC invocations=6 (full 0):
 garbage-first heap   total 382976K, used 206870K [0x0000000703800000, 0x0000000800000000)
  region size 2048K, 1 young (2048K), 1 survivors (2048K)
 Metaspace       used 1519K, committed 1664K, reserved 1114112K
  class space    used 124K, committed 192K, reserved 1048576K
}
Event: 46.374 GC heap before
{Heap before GC invocations=7 (full 0):
 garbage-first heap   total 567296K, used 309270K [0x0000000703800000, 0x0000000800000000)
  region size 2048K, 1 young (2048K), 1 survivors (2048K)
 Metaspace       used 1519K, committed 1664K, reserved 1114112K
  class space    used 124K, committed 192K, reserved 1048576K
}
Event: 46.422 GC heap after
{Heap after GC invocations=8 (full 0):
 garbage-first heap   total 567296K, used 309268K [0x0000000703800000, 0x0000000800000000)
  region size 2048K, 1 young (2048K), 1 survivors (2048K)
 Metaspace       used 1519K, committed 1664K, reserved 1114112K
  class space    used 124K, committed 192K, reserved 1048576K
}
Event: 47.051 GC heap before
{Heap before GC invocations=9 (full 0):
 garbage-first heap   total 841728K, used 460820K [0x0000000703800000, 0x0000000800000000)
  region size 2048K, 1 young (2048K), 1 survivors (2048K)
 Metaspace       used 1519K, committed 1664K, reserved 1114112K
  class space    used 124K, committed 192K, reserved 1048576K
}
Event: 47.102 GC heap after
{Heap after GC invocations=10 (full 0):
 garbage-first heap   total 841728K, used 460824K [0x0000000703800000, 0x0000000800000000)
  region size 2048K, 1 young (2048K), 1 survivors (2048K)
 Metaspace       used 1519K, committed 1664K, reserved 1114112K
  class space    used 124K, committed 192K, reserved 1048576K
}

